1550243671073	geckodriver	INFO	Listening on 127.0.0.1:55891
1550243674166	mozprofile::profile	INFO	Using profile path C:\Users\OSummer\AppData\Local\Temp\rust_mozprofile.wHWtiiRiw9Zq
1550243674174	geckodriver::marionette	INFO	Starting browser C:\Program Files\Mozilla Firefox\firefox.exe with args []
1550243674186	geckodriver::marionette	INFO	Connecting to Marionette on localhost:55903
1550243674537	addons.webextension.screenshots@mozilla.org	WARN	Loading extension 'screenshots@mozilla.org': Reading manifest: Invalid host permission: resource://pdf.js/
1550243674537	addons.webextension.screenshots@mozilla.org	WARN	Loading extension 'screenshots@mozilla.org': Reading manifest: Invalid host permission: about:reader*
1550243675833	Marionette	INFO	Listening on port 2828
[Parent 9684, Gecko_IOThread] WARNING: pipe error: 109: file z:/build/build/src/ipc/chromium/src/chrome/common/ipc_channel_win.cc, line 332
[Parent 9684, Gecko_IOThread] WARNING: pipe error: 109: file z:/build/build/src/ipc/chromium/src/chrome/common/ipc_channel_win.cc, line 332
[Child 7848, Chrome_ChildThread] WARNING: pipe error: 109: file z:/build/build/src/ipc/chromium/src/chrome/common/ipc_channel_win.cc, line 3[Child 5572, Chrom32e_Chi
ldThread][C WAhilRNING: pipe error: 109: file z:/build/build/src/ipc/chromium/src/chrome/common/ipc_channel_win.cc, line 332
[Child 5572[Parent 9684, Gecko_IOThread] WARNING: pipe error: 109: file z:/build/build/src/ipc/chromium/src/chrome/common/ipc_channel_win.cc, line 332
[Child 9600, Chrome_ChildThread] WARNING: pipe error: 109: file z:/build/build/src/ipc/chromium/src/chrome/common/ipc_channel_win.cc, line 332
[Child 91550243685316	Marionette	INFO	Stopped listening on port 2828
[GPU 11550243721607	geckodriver	INFO	Listening on 127.0.0.1:56021
1550243762728	geckodriver	INFO	Listening on 127.0.0.1:56071
1550243765802	mozprofile::profile	INFO	Using profile path C:\Users\OSummer\AppData\Local\Temp\rust_mozprofile.cCk1kdiA42m9
1550243765820	geckodriver::marionette	INFO	Starting browser C:\Program Files\Mozilla Firefox\firefox.exe with args []
1550243765832	geckodriver::marionette	INFO	Connecting to Marionette on localhost:56083
1550243766164	addons.webextension.screenshots@mozilla.org	WARN	Loading extension 'screenshots@mozilla.org': Reading manifest: Invalid host permission: resource://pdf.js/
1550243766165	addons.webextension.screenshots@mozilla.org	WARN	Loading extension 'screenshots@mozilla.org': Reading manifest: Invalid host permission: about:reader*
1550243767377	Marionette	INFO	Listening on port 2828
[Parent [Child 3676, 2000, Chrome_CGecko_IOThread]hil WdThreadAR] WARNINGNIN: pipe errG:or: 1 pipe09: file  errorz:/buil: 109: filed/build/ z:/build/srcbui/ipc/ld/schrc/romium/src/chroipc/mechrom/common/ipc_chanium/snel_win.cc, line 332rc/chr
ome/common/ipc_channel_win.cc, line 332
[Child 19728, Chrome_ChildThread] WARNING: pipe error: 109: file z:/build/build/src/ipc/chromium/src/chrome/common/ipc_channel_win.cc, line 332
[Child 1972[Parent 2000, Gecko_IOThread] WARNING: pipe error: 109: file z:/build/build/src/ipc/chromium/src/chrome/common/ipc_channel_win.cc, line 332
[Child 20188, Chrome_ChildThread] WARNING: pipe error: 109: file z:/build/build/src/ipc/chromium/src/chrome/common/ipc_channel_win.cc, line 332
[Child 201881550243792389	Marionette	INFO	Stopped listening on port 2828
[GPU 6
###!!! [Child][RunMessage] Error: Channel closing: too late to send/recv, messages will be lost


###!!! [Child][MessageChannel::SendAndWait] Error: Channel error: cannot send/recv

1550243960885	geckodriver	INFO	Listening on 127.0.0.1:56470
1550243963953	mozprofile::profile	INFO	Using profile path C:\Users\OSummer\AppData\Local\Temp\rust_mozprofile.VhuqZwBJf3JE
1550243963962	geckodriver::marionette	INFO	Starting browser D:\FireFox\firefox.exe with args []
1550243963973	geckodriver::marionette	INFO	Connecting to Marionette on localhost:56481
1550243964184	addons.xpi	WARN	Error parsing extensions state: [Exception... "Component returned failure code: 0x80520012 (NS_ERROR_FILE_NOT_FOUND) [amIAddonManagerStartup.readStartupData]"  nsresult: "0x80520012 (NS_ERROR_FILE_NOT_FOUND)"  location: "JS frame :: resource://gre/modules/addons/XPIProvider.jsm :: loadExtensionState :: line 1596"  data: no] Stack trace: loadExtensionState()@resource://gre/modules/addons/XPIProvider.jsm:1596 < getInstallState()@resource://gre/modules/addons/XPIProvider.jsm:1631 < checkForChanges()@resource://gre/modules/addons/XPIProvider.jsm:3152 < startup()@resource://gre/modules/addons/XPIProvider.jsm:2246 < callProvider()@resource://gre/modules/AddonManager.jsm:271 < _startProvider()@resource://gre/modules/AddonManager.jsm:741 < startup()@resource://gre/modules/AddonManager.jsm:908 < startup()@resource://gre/modules/AddonManager.jsm:3122 < observe()@jar:file:///D:/FireFox/omni.ja!/components/addonManager.js:65
[Child 19140] WARNING: pipe error: 109: file c:/builds/moz2_slave/m-rel-w32-00000000000000000000/build/src/ipc/chromium/src/chrome/common/ipc_channel_win.cc, line 346
[Child 19140] WARNING: pipe e[Child 20028] WARNING: pipe error: 109: file c:/builds/moz2_slave/m-rel-w32-00000000000000000000/build/src/ipc/chromium/src/chrome/common/ipc_channel_win.cc, line 346
[Child 20028] WARNING: [GPU 3056] WARNING: pipe error: 109: file c:/builds/moz2_slave/m-rel-w32-00000000000000000000/build/src/ipc/chromium/src/chrome/common/ipc_channel_win.cc, line 346
[GPU 3056] WARNING: pipe error: 109: file c:/builds/moz2_slave/m-rel-w32-00000000000000000000/build/src/ipc/chromium/src/chrome/common/ipc_channel_win.cc, line 346
[GPU 3056] WARNING: pipe error: 109: file c:/builds/moz2_slave/m-rel-w32-00000000000000000000/build/src/ipc/chromium/src/chrome/common/ipc_channel_win.cc, line 346
JavaScript error: , line 0: TypeError: NetworkError when attempting to fetch resource.

###!!! [Child][MessageChannel::SendAndWait] Error: Channel error: cannot send/recv

1550244014130	geckodriver	INFO	Listening on 127.0.0.1:56615
1550244017180	mozprofile::profile	INFO	Using profile path C:\Users\OSummer\AppData\Local\Temp\rust_mozprofile.fk3nC75EwGnE
1550244017188	geckodriver::marionette	INFO	Starting browser D:\FireFox\firefox.exe with args []
1550244017198	geckodriver::marionette	INFO	Connecting to Marionette on localhost:56628
1550244072989	geckodriver	INFO	Listening on 127.0.0.1:56792
1550244076045	mozprofile::profile	INFO	Using profile path C:\Users\OSummer\AppData\Local\Temp\rust_mozprofile.hK9M34XLnLQt
1550244076054	geckodriver::marionette	INFO	Starting browser D:\FireFox\firefox.exe with args []
1550244076065	geckodriver::marionette	INFO	Connecting to Marionette on localhost:56803
1550244076263	addons.xpi	WARN	Error parsing extensions state: [Exception... "Component returned failure code: 0x80520012 (NS_ERROR_FILE_NOT_FOUND) [amIAddonManagerStartup.readStartupData]"  nsresult: "0x80520012 (NS_ERROR_FILE_NOT_FOUND)"  location: "JS frame :: resource://gre/modules/addons/XPIProvider.jsm :: loadExtensionState :: line 1554"  data: no] Stack trace: loadExtensionState()@resource://gre/modules/addons/XPIProvider.jsm:1554 < getInstallState()@resource://gre/modules/addons/XPIProvider.jsm:1589 < checkForChanges()@resource://gre/modules/addons/XPIProvider.jsm:3109 < startup()@resource://gre/modules/addons/XPIProvider.jsm:2188 < callProvider()@resource://gre/modules/AddonManager.jsm:269 < _startProvider()@resource://gre/modules/AddonManager.jsm:739 < startup()@resource://gre/modules/AddonManager.jsm:906 < startup()@resource://gre/modules/AddonManager.jsm:3090 < observe()@jar:file:///D:/FireFox/omni.ja!/components/addonManager.js:65
[Child 11760] WARNING: pipe error: 109: file z:/build/build/src/ipc/chromium/src/chrome/common/ipc_channel_win.cc, line 346
[Child 11760] WARNING: pipe error: 109: 1550244082928	addons.productaddons	WARN	Failed downloading XML, status: 0, reason: error
[Child 2352] WARNING: pipe error: 109: file z:/build/build/src/ipc/chromium/src/chrome/common/ipc_channel_win.cc, line 3[Child 7220] WARNING: pipe error: 109: file z46
:/build/build[Ch/srcild /ip235c2/chromium/src/chrome/common/ipc_channel_win.cc, line 346
[Child 7220] WARNING: pipe error: 109: file z:/build/build/*** UTM:SVC TimerManager:registerTimer called after profile-before-change notification. Ignoring timer registration for id: telemetry_modules_ping
[GPU 9896] WARNING: pipe error: 10
###!!! [Child][MessageChannel::SendAndWait] Error: Channel error: cannot send/recv

1550244371801	geckodriver	INFO	Listening on 127.0.0.1:57429
1550244374876	mozprofile::profile	INFO	Using profile path C:\Users\OSummer\AppData\Local\Temp\rust_mozprofile.QS7DDQUb6IBR
1550244374886	geckodriver::marionette	INFO	Starting browser D:\FireFox\firefox.exe with args []
1550244374897	geckodriver::marionette	INFO	Connecting to Marionette on localhost:57445
1550244375115	addons.xpi	WARN	Error parsing extensions state: [Exception... "Component returned failure code: 0x80520012 (NS_ERROR_FILE_NOT_FOUND) [amIAddonManagerStartup.readStartupData]"  nsresult: "0x80520012 (NS_ERROR_FILE_NOT_FOUND)"  location: "JS frame :: resource://gre/modules/addons/XPIProvider.jsm :: loadExtensionState :: line 1554"  data: no] Stack trace: loadExtensionState()@resource://gre/modules/addons/XPIProvider.jsm:1554 < getInstallState()@resource://gre/modules/addons/XPIProvider.jsm:1589 < checkForChanges()@resource://gre/modules/addons/XPIProvider.jsm:3109 < startup()@resource://gre/modules/addons/XPIProvider.jsm:2188 < callProvider()@resource://gre/modules/AddonManager.jsm:269 < _startProvider()@resource://gre/modules/AddonManager.jsm:739 < startup()@resource://gre/modules/AddonManager.jsm:906 < startup()@resource://gre/modules/AddonManager.jsm:3090 < observe()@jar:file:///D:/FireFox/omni.ja!/components/addonManager.js:65
[Child 15436] WARNING: pipe error: 109: file z:/build/build/src/ipc/chromium/src/chrome/common/ipc_channel_win.cc, line 346
[Child 15436] WARNING: pipe error[Child 2876] WARNING: pipe error: 109: file z:/build/build/src/ipc/chromium/src/chrome/common/ipc_channel_win.cc, line 346
[Child 2876] WARNING: pipe error: 1JavaScript error: https://ss1.bdstatic.com/5eN1bjq8AAUYm2zgoY3K/r/www/cache/static/protocol/https/plugins/every_cookie_4644b13.js, line 4: ReferenceError: c is not defined
[Parent 4816] WARNING: pipe error: 109: file z:/build/build/src/ipc/chromium/src/chrome/common/ipc_channel_win.cc, line 346
[Child 3816] WARNING: pipe error: 109: file z:/build/build/src/ipc/chromium/src/chrome/common/ipc_channel_win.cc, line 346
[Child 3816] WARNING: pipe error: 109: file z:/build/buil[Child 11600] WARNING: pipe error: 109: file z:/build/build/src/ipc/chromium/src/chrome/common/ipc_channel_win.cc, line 346
[Child 11600] WARNING: pipe error: 109: file z:/build/build/src/ipc/chromium/src/chrome/common/ipc_channel_win.cc, line 346

###!!! [Child][MessageChannel::SendAndWait] Error: Channel error: cannot send/recv

modules/addons/XPIProvider.jsm :: loadExtensionState :: line 1554"  data: no] Stack trace: loadExtensionState()@resource://gre/modules/addons/XPIProvider.jsm:1554 < getInstallState()@resource://gre/modules/addons/XPIProvider.jsm:1589 < checkForChanges()@resource://gre/modules/addons/XPIProvider.jsm:3109 < startup()@resource://gre/modules/addons/XPIProvider.jsm:2188 < callProvider()@resource://gre/modules/AddonManager.jsm:269 < _startProvider()@resource://gre/modules/AddonManager.jsm:739 < startup()@resource://gre/modules/AddonManager.jsm:906 < startup()@resource://gre/modules/AddonManager.jsm:3090 < observe()@jar:file:///D:/FireFox/omni.ja!/components/addonManager.js:65
[Child 4020] WARNING: pipe error: 109: file z:/build/build/src/ipc/chromium/src/chrome/common/ipc_channel_win.cc, line 346
[Child 4020] WARNING: pipe err[Parent 10916] WARNING: pipe error: 109: file z:/build/build/src/ipc/chromium/src/chrome/common/ipc_channel_win.cc, line 346
[Parent 10916] WARNING: pipe error: 109: file z:/build/build/src/ipc/chromium/src/chrome/common/ipc_channel_win.cc, line 346
[Child 5328] WARNING: pipe error: 109: file z:/build/build/src/ipc/chromium/src/chrome/common/ipc_channel_win.cc, line 346
[Child 5328] WARNING: pipe error: 109: file z:/build/build/src/ipc/chromium/src/chrome/common/ipc_ch[Child 19944] WARNING: pipe error: 109: file z:/build/build/src/ipc/chromium/src/chrome/common/ipc_channel_win.cc, line 346
[Child 19944] WARNING: pi*** UTM:SVC TimerManager:registerTimer called after profile-before-change notification. Ignoring timer registration for id: telemetry_modules_ping
[GPU 1668] WARNING: pipe error: 109: file z:/build/build/src/ipc/chromium/src/chrome/common/ipc_channel_win.cc, line 346

###!!! [Child][MessageChannel::SendAndWait] Error: Channel error: cannot send/recv

1550244617194	geckodriver	INFO	Listening on 127.0.0.1:57939
1550244620304	mozprofile::profile	INFO	Using profile path C:\Users\OSummer\AppData\Local\Temp\rust_mozprofile.mEaALdoPQ4QS
1550244620320	geckodriver::marionette	INFO	Starting browser D:\FireFox\Firefox47\firefox.exe with args []
1550244620357	geckodriver::marionette	INFO	Connecting to Marionette on localhost:57949
1550244620570	addons.xpi	WARN	Error parsing extensions state: [Exception... "Component returned failure code: 0x80520012 (NS_ERROR_FILE_NOT_FOUND) [amIAddonManagerStartup.readStartupData]"  nsresult: "0x80520012 (NS_ERROR_FILE_NOT_FOUND)"  location: "JS frame :: resource://gre/modules/addons/XPIProvider.jsm :: loadExtensionState :: line 1596"  data: no] Stack trace: loadExtensionState()@resource://gre/modules/addons/XPIProvider.jsm:1596 < getInstallState()@resource://gre/modules/addons/XPIProvider.jsm:1631 < checkForChanges()@resource://gre/modules/addons/XPIProvider.jsm:3152 < startup()@resource://gre/modules/addons/XPIProvider.jsm:2246 < callProvider()@resource://gre/modules/AddonManager.jsm:271 < _startProvider()@resource://gre/modules/AddonManager.jsm:741 < startup()@resource://gre/modules/AddonManager.jsm:908 < startup()@resource://gre/modules/AddonManager.jsm:3122 < observe()@jar:file:///D:/FireFox/Firefox47/omni.ja!/components/addonManager.js:65
[Child 9468] WARNING: pipe error: 109: file c:/builds/moz2_slave/m-rel-w32-00000000000000000000/build/src/ipc/chromium/src/chrome/common/ipc_channel_win.cc, line 346
[Child 9468] WARNING: pipe error: 109: file c:/buil[GPU 12752] WARNING: pipe error: 109: file c:/builds/moz2_slave/m-rel-w32-00000000000000000000/build/src/ipc/chromium/src/chrome/common/ipc_channel_win.cc, line 346
[GPU 12752] WARNING: pipe error: 109: file c:/builds/moz2_slave/m-rel-w32-00000000000000000000/build/src/ipc/chromium/src/chrome/common/ipc_channel_win.cc, line 346
[GPU 12752] WARNING: pipe error: 109: file c:/builds/moz2_slave/m-rel-w32-00000000000000000000/build/src/ipc/chromium/src/chrome/common/ipc_channel_win.cc, line 346
JavaScript error: , line 0: TypeError: NetworkError when attempting to fetch resource.
[GPU 12752] WARNING: pi
###!!! [Child][MessageChannel::SendAndWait] Error: Channel error: cannot send/recv

1550244729419	geckodriver	INFO	Listening on 127.0.0.1:58160
1550244732516	mozprofile::profile	INFO	Using profile path C:\Users\OSummer\AppData\Local\Temp\rust_mozprofile.gUYP4jDVWvdH
1550244732526	geckodriver::marionette	INFO	Starting browser D:\FireFox\Firefox47\firefox.exe with args []
1550244732537	geckodriver::marionette	INFO	Connecting to Marionette on localhost:58171
1550244732737	addons.xpi	WARN	Error parsing extensions state: [Exception... "Component returned failure code: 0x80520012 (NS_ERROR_FILE_NOT_FOUND) [amIAddonManagerStartup.readStartupData]"  nsresult: "0x80520012 (NS_ERROR_FILE_NOT_FOUND)"  location: "JS frame :: resource://gre/modules/addons/XPIProvider.jsm :: loadExtensionState :: line 1596"  data: no] Stack trace: loadExtensionState()@resource://gre/modules/addons/XPIProvider.jsm:1596 < getInstallState()@resource://gre/modules/addons/XPIProvider.jsm:1631 < checkForChanges()@resource://gre/modules/addons/XPIProvider.jsm:3152 < startup()@resource://gre/modules/addons/XPIProvider.jsm:2246 < callProvider()@resource://gre/modules/AddonManager.jsm:271 < _startProvider()@resource://gre/modules/AddonManager.jsm:741 < startup()@resource://gre/modules/AddonManager.jsm:908 < startup()@resource://gre/modules/AddonManager.jsm:3122 < observe()@jar:file:///D:/FireFox/Firefox47/omni.ja!/components/addonManager.js:65
[GPU 1796] WARNING: pipe error: 109: file c:/builds/moz2_slave/m-rel-w32-00000000000000000000/build/src/ipc/chromium/src/chrome/common/ipc_channel_win.cc, line 346
[Child 16720] WARNING: pipe error: 109: file c:/builds/moz2_slave/m-rel-w32-00000000000000000000/build/src/ipc/chromium/src/chrome/common/ipc_channel_win.cc, line 346
[Child 16720] WARNING: pipe error: [GPU 1796] WARNING: pipe error: 109: file c:/builds/moz2_slave/m-rel-w32-00000000000000000000/build/src/ipc/chromium/src/chrome/common/ipc_channel_win.cc, line 346
[GPU 1796] WARNING: pipe error: 109: file c:/builds/moz2_slave/m-rel-w32-00000000000000000000/build/src/ipc/chromium/src/chrome/common/ipc_channel_win.cc, line 346
[GPU 1796] WARNING: pipe error: 109: file c:/builds/moz2_slave/m-rel-w32-00000000000000000000/build/src/ipc/chromium/src/chrome/common/ipc_channel_win.cc, line 346
[GPU 1796] WARNING: pipe erro
###!!! [Child][MessageChannel::SendAndWait] Error: Channel error: cannot send/recv

1550245172003	geckodriver	INFO	geckodriver 0.19.1 (0000000000000000000000000000000000000000 2017-10-31)
1550245172016	geckodriver	INFO	Listening on 127.0.0.1:59100
1550245175130	mozrunner::runner	INFO	Running command: "D:\\FireFox\\Firefox47\\firefox.exe" "-marionette" "-profile" "C:\\Users\\OSummer\\AppData\\Local\\Temp\\rust_mozprofile.SUrgWLCsEumx"
1550245175331	addons.xpi	WARN	Error parsing extensions state: [Exception... "Component returned failure code: 0x80520012 (NS_ERROR_FILE_NOT_FOUND) [amIAddonManagerStartup.readStartupData]"  nsresult: "0x80520012 (NS_ERROR_FILE_NOT_FOUND)"  location: "JS frame :: resource://gre/modules/addons/XPIProvider.jsm :: loadExtensionState :: line 1554"  data: no] Stack trace: loadExtensionState()@resource://gre/modules/addons/XPIProvider.jsm:1554 < getInstallState()@resource://gre/modules/addons/XPIProvider.jsm:1589 < checkForChanges()@resource://gre/modules/addons/XPIProvider.jsm:3109 < startup()@resource://gre/modules/addons/XPIProvider.jsm:2188 < callProvider()@resource://gre/modules/AddonManager.jsm:269 < _startProvider()@resource://gre/modules/AddonManager.jsm:739 < startup()@resource://gre/modules/AddonManager.jsm:906 < startup()@resource://gre/modules/AddonManager.jsm:3090 < observe()@jar:file:///D:/FireFox/Firefox47/omni.ja!/components/addonManager.js:65
1550245175722	Marionette	INFO	Enabled via --marionette
[Child 6676] WARNING: pipe error: 109: file z:/build/build/src/ipc/chromium/src/chrome/common/ipc_channel_win.cc, line 346
[Child 6676] WARNING: pipe error: 109: file z:1550245177170	Marionette	INFO	Listening on port 59110
1550245178248	Marionette	WARN	TLS certificate errors will be ignored for this session
1550245178291	Marionette	DEBUG	Register listener.js for window 4294967297
1550245178313	Marionette	DEBUG	Received DOM event "beforeunload" for "about:blank"
1550245178577	Marionette	DEBUG	Received DOM event "pagehide" for "about:blank"
1550245178577	Marionette	DEBUG	Received DOM event "unload" for "about:blank"
JavaScript error: https://ss1.bdstatic.com/5eN1bjq8AAUYm2zgoY3K/r/www/cache/static/protocol/https/plugins/every_cookie_4644b13.js, line 4: ReferenceError: c is not defined
1550245178848	Marionette	DEBUG	Received DOM event "DOMContentLoaded" for "https://www.baidu.com/"
1550245178915	Marionette	DEBUG	Received DOM event "pageshow" for "https://www.baidu.com/"
1550245181297	addons.productaddons	WARN	Failed downloading via XHR, status: 0, reason: error
[Child 18708] WARNING: pipe error: 109: file z:/build/build/src/ipc/chromium/src/chrome/common/ipc_channel_win.cc, line 346
[Child 18708] WARNING: pipe error: 109: file z:/build/build/1550245181299	addons.productaddons	WARN	Failed downloading via XHR, status: 0, reason: error
*** UTM:SVC TimerManager:registerTimer called after profile-before-change notification. Ignoring timer registration for id: telemetry_modules_ping
[GPU 17724] WARNING: pipe error: 109: fi
###!!! [Child][MessageChannel::SendAndWait] Error: Channel error: cannot send/recv

1550245216572	geckodriver	INFO	geckodriver 0.19.1 (0000000000000000000000000000000000000000 2017-10-31)
1550245216585	geckodriver	INFO	Listening on 127.0.0.1:59196
1550245219705	mozrunner::runner	INFO	Running command: "D:\\FireFox\\Firefox47\\firefox.exe" "-marionette" "-profile" "C:\\Users\\OSummer\\AppData\\Local\\Temp\\rust_mozprofile.CMgmpSezPBjl"
1550245219899	addons.xpi	WARN	Error parsing extensions state: [Exception... "Component returned failure code: 0x80520012 (NS_ERROR_FILE_NOT_FOUND) [amIAddonManagerStartup.readStartupData]"  nsresult: "0x80520012 (NS_ERROR_FILE_NOT_FOUND)"  location: "JS frame :: resource://gre/modules/addons/XPIProvider.jsm :: loadExtensionState :: line 1554"  data: no] Stack trace: loadExtensionState()@resource://gre/modules/addons/XPIProvider.jsm:1554 < getInstallState()@resource://gre/modules/addons/XPIProvider.jsm:1589 < checkForChanges()@resource://gre/modules/addons/XPIProvider.jsm:3109 < startup()@resource://gre/modules/addons/XPIProvider.jsm:2188 < callProvider()@resource://gre/modules/AddonManager.jsm:269 < _startProvider()@resource://gre/modules/AddonManager.jsm:739 < startup()@resource://gre/modules/AddonManager.jsm:906 < startup()@resource://gre/modules/AddonManager.jsm:3090 < observe()@jar:file:///D:/FireFox/Firefox47/omni.ja!/components/addonManager.js:65
1550245220276	Marionette	INFO	Enabled via --marionette
[Child 2812] WARNING: pipe error: 109: file z:/build/build/src/ipc/chromium/src/chrome/common/ipc_channel_win.cc, line 346
[Child 2812] WARNING: pipe error: 1091550245221630	Marionette	INFO	Listening on port 59207
1550245221731	Marionette	WARN	TLS certificate errors will be ignored for this session
1550245221772	Marionette	DEBUG	Register listener.js for window 4294967297
1550245221810	Marionette	DEBUG	Received DOM event "beforeunload" for "about:blank"
1550245222096	Marionette	DEBUG	Received DOM event "pagehide" for "about:blank"
1550245222096	Marionette	DEBUG	Received DOM event "unload" for "about:blank"
JavaScript error: https://ss1.bdstatic.com/5eN1bjq8AAUYm2zgoY3K/r/www/cache/static/protocol/https/plugins/every_cookie_4644b13.js, line 4: ReferenceError: c is not defined
1550245222362	Marionette	DEBUG	Received DOM event "DOMContentLoaded" for "https://www.baidu.com/"
1550245222432	Marionette	DEBUG	Received DOM event "pageshow" for "https://www.baidu.com/"
1550245225234	addons.productaddons	WARN	Failed downloading via XHR, status: 0, reason: error
[Child 11452] WARNING: pipe error: 109: file z:/build/build/src/ipc/chromium/src/chrome/common/ipc_channel_win.cc, line 346
[Child 11452] WARNING: pipe error: 109: file z:/build/build/src/[Child 10708] WARNING: pipe error: 109: file z:/build/build/src/ipc/chromium/src/chrome/common/ipc_channel_win.cc, line 346
[Child 10708] WARNING: pipe err*** UTM:SVC TimerManager:registerTimer called after profile-before-change notification. Ignoring timer registration for id: telemetry_modules_ping

###!!! [Child][MessageChannel::SendAndWait] Error: Channel error: cannot send/recv

1550247554860	geckodriver	INFO	geckodriver 0.19.1 (0000000000000000000000000000000000000000 2017-10-31)
1550247554873	geckodriver	INFO	Listening on 127.0.0.1:62508
1550247557997	mozrunner::runner	INFO	Running command: "D:\\FireFox\\Firefox47\\firefox.exe" "-marionette" "-profile" "C:\\Users\\OSummer\\AppData\\Local\\Temp\\rust_mozprofile.xCrXLKrew3Qw"
1550247558218	addons.xpi	WARN	Error parsing extensions state: [Exception... "Component returned failure code: 0x80520012 (NS_ERROR_FILE_NOT_FOUND) [amIAddonManagerStartup.readStartupData]"  nsresult: "0x80520012 (NS_ERROR_FILE_NOT_FOUND)"  location: "JS frame :: resource://gre/modules/addons/XPIProvider.jsm :: loadExtensionState :: line 1554"  data: no] Stack trace: loadExtensionState()@resource://gre/modules/addons/XPIProvider.jsm:1554 < getInstallState()@resource://gre/modules/addons/XPIProvider.jsm:1589 < checkForChanges()@resource://gre/modules/addons/XPIProvider.jsm:3109 < startup()@resource://gre/modules/addons/XPIProvider.jsm:2188 < callProvider()@resource://gre/modules/AddonManager.jsm:269 < _startProvider()@resource://gre/modules/AddonManager.jsm:739 < startup()@resource://gre/modules/AddonManager.jsm:906 < startup()@resource://gre/modules/AddonManager.jsm:3090 < observe()@jar:file:///D:/FireFox/Firefox47/omni.ja!/components/addonManager.js:65
1550247558607	Marionette	INFO	Enabled via --marionette
[Child 16676] WARNING: pipe error: 109: file z:/build/build/src/ipc/chromium/src/chrome/common/ipc_channel_win.cc, line 346
[Child 16676] WARNING: pipe err1550247560036	Marionette	INFO	Listening on port 62522
1550247561117	Marionette	WARN	TLS certificate errors will be ignored for this session
1550247561155	Marionette	DEBUG	Register listener.js for window 6442450945
1550247561180	Marionette	DEBUG	Received DOM event "beforeunload" for "about:blank"
1550247561479	Marionette	DEBUG	Received DOM event "pagehide" for "about:blank"
1550247561479	Marionette	DEBUG	Received DOM event "unload" for "about:blank"
1550247573693	Marionette	DEBUG	Received DOM event "DOMContentLoaded" for "http://www.5itest.cn/register"
1550247573695	Marionette	DEBUG	Received DOM event "pageshow" for "http://www.5itest.cn/register"
[Child 552] WARNING: pipe error: 109: file z:/build/build/src/ipc/chromium/src/chrome/common/ipc_channel_win.cc, line 346
[Child 552] WARNING: pipe e[Child 10948] WARNING: pipe error: 109: file z:/build/build/src/ipc/chromium/src/chrome/common/ipc_channel_win.cc, line 346
[Child 10948] WARNING: pipe error: 109: file z:/build/build/src/ipc/chromium/src/chrome/common/ipc_channel_win.cc, line 346

###!!! [Child][MessageChannel::SendAndWait] Error: Channel error: cannot send/recv

1551786254380	geckodriver	INFO	geckodriver 0.19.1 (0000000000000000000000000000000000000000 2017-10-31)
1551786254402	geckodriver	INFO	Listening on 127.0.0.1:54655
1551786257604	mozrunner::runner	INFO	Running command: "D:\\FireFox\\Firefox47\\firefox.exe" "-marionette" "-profile" "C:\\Users\\OSummer\\AppData\\Local\\Temp\\rust_mozprofile.Q8U7TEjc6kRz"
1551786259373	addons.xpi	WARN	Error parsing extensions state: [Exception... "Component returned failure code: 0x80520012 (NS_ERROR_FILE_NOT_FOUND) [amIAddonManagerStartup.readStartupData]"  nsresult: "0x80520012 (NS_ERROR_FILE_NOT_FOUND)"  location: "JS frame :: resource://gre/modules/addons/XPIProvider.jsm :: loadExtensionState :: line 1554"  data: no] Stack trace: loadExtensionState()@resource://gre/modules/addons/XPIProvider.jsm:1554 < getInstallState()@resource://gre/modules/addons/XPIProvider.jsm:1589 < checkForChanges()@resource://gre/modules/addons/XPIProvider.jsm:3109 < startup()@resource://gre/modules/addons/XPIProvider.jsm:2188 < callProvider()@resource://gre/modules/AddonManager.jsm:269 < _startProvider()@resource://gre/modules/AddonManager.jsm:739 < startup()@resource://gre/modules/AddonManager.jsm:906 < startup()@resource://gre/modules/AddonManager.jsm:3090 < observe()@jar:file:///D:/FireFox/Firefox47/omni.ja!/components/addonManager.js:65
1551786260873	Marionette	INFO	Enabled via --marionette
[Parent 15652] WARNING: pipe error: 109: file z:/build/build/src/ipc/chromium/src/chrome/common/ipc_channel_win.cc, line 346
[Child 30328] WARNING: pipe error: 109: file z:/build/build/src/ipc/chromium/src/chrome/common/ipc_channel_win.cc, line 346
[Child 30328] WARNING: pipe1551786265359	Marionette	INFO	Listening on port 54673
1551786265487	Marionette	WARN	TLS certificate errors will be ignored for this session
1551786265547	Marionette	DEBUG	Register listener.js for window 4294967297
1551786265587	Marionette	DEBUG	Received DOM event "beforeunload" for "about:blank"
1551786266238	Marionette	DEBUG	Received DOM event "pagehide" for "about:blank"
1551786266238	Marionette	DEBUG	Received DOM event "unload" for "about:blank"
1551786283469	Marionette	DEBUG	Received observer notification "outer-window-destroyed" for "4294967297"
thread '<unnamed>' panicked at 'called `Result::unwrap()` on an `Err` value: Error { repr: Os { code: 10054, message: "远程主机强迫关闭了一个现有的连接。" } }', src\libcore\result.rs:906:4
note: Run with `RUST_BACKTRACE=1` for a backtrace.
[Child 8008] WARNING: pipe error: 109: file z:/build/build/src/ipc/chromium/src/chrome/common/ipc_channel_win.cc, line 346[
Child 2544] WARNING: pi[pCe erhror: 10ild 8008] W9AR: file z:/buNINiG: pipe erlrod/build/src/ipc/chromium/src/chrome/common/ipc_channel_win.cc, line 346
[Child 2544] WARNING: pipe error: 109: file z:/build/build/src/ipc/chromium/src/chrome/common/ipc_channel_win.cc, line 346
*** UTM:SVC TimerManager:registerTimer called after profile-before-change notification. Ignoring timer registration for id: telemetry_modules_ping
[GPU 30192] 
###!!! [Child][MessageChannel::SendAndWait] Error: Channel error: cannot send/recv

1552072353181	geckodriver	INFO	geckodriver 0.19.1 (0000000000000000000000000000000000000000 2017-10-31)
1552072353210	geckodriver	INFO	Listening on 127.0.0.1:62668
1552072356354	mozrunner::runner	INFO	Running command: "D:\\FireFox\\Firefox47\\firefox.exe" "-marionette" "-profile" "C:\\Users\\OSummer\\AppData\\Local\\Temp\\rust_mozprofile.v9GxY6pNQd8O"
1552072358339	addons.xpi	WARN	Error parsing extensions state: [Exception... "Component returned failure code: 0x80520012 (NS_ERROR_FILE_NOT_FOUND) [amIAddonManagerStartup.readStartupData]"  nsresult: "0x80520012 (NS_ERROR_FILE_NOT_FOUND)"  location: "JS frame :: resource://gre/modules/addons/XPIProvider.jsm :: loadExtensionState :: line 1554"  data: no] Stack trace: loadExtensionState()@resource://gre/modules/addons/XPIProvider.jsm:1554 < getInstallState()@resource://gre/modules/addons/XPIProvider.jsm:1589 < checkForChanges()@resource://gre/modules/addons/XPIProvider.jsm:3109 < startup()@resource://gre/modules/addons/XPIProvider.jsm:2188 < callProvider()@resource://gre/modules/AddonManager.jsm:269 < _startProvider()@resource://gre/modules/AddonManager.jsm:739 < startup()@resource://gre/modules/AddonManager.jsm:906 < startup()@resource://gre/modules/AddonManager.jsm:3090 < observe()@jar:file:///D:/FireFox/Firefox47/omni.ja!/components/addonManager.js:65
1552072359500	Marionette	INFO	Enabled via --marionette
[Parent 17800] WARNING: pipe error: 109: file z:/build/build/src/ipc/chromium/src/chrome/common/ipc_channel_win.cc, line 346
[Child 17204] WARNING: pipe error: 109: file z:/build/build/src/ipc/chromium/src/chrome/common/ipc_channel_win.cc, line 346
[Child 17204] WARNING: pipe error: 109: file z:/buil1552072363614	Marionette	INFO	Listening on port 62679
1552072363937	Marionette	WARN	TLS certificate errors will be ignored for this session
1552072364090	Marionette	DEBUG	Register listener.js for window 4294967297
1552072364204	Marionette	DEBUG	Received DOM event "beforeunload" for "about:blank"
1552072364560	Marionette	DEBUG	Received DOM event "pagehide" for "about:blank"
1552072364561	Marionette	DEBUG	Received DOM event "unload" for "about:blank"
1552072376740	Marionette	DEBUG	Received DOM event "DOMContentLoaded" for "http://www.5itest.cn/register"
1552072376744	Marionette	DEBUG	Received DOM event "pageshow" for "http://www.5itest.cn/register"
1552072379271	Marionette	DEBUG	Canceled page load listener because no navigation has been detected
